<?xml version="1.0" encoding="UTF-8"?>
<testsuite name="OrderBookTest" tests="1" skipped="0" failures="0" errors="0" timestamp="2021-11-29T18:20:31" hostname="RWB" time="0.287">
  <properties/>
  <testcase name="testTicker()" classname="OrderBookTest" time="0.287"/>
  <system-out><![CDATA[[{"market":"KRW-BTC","timestamp":1638210026673,"total_ask_size":7.38534360,"total_bid_size":13.66393258,"orderbook_units":[{"ask_price":7.308E7,"bid_price":7.3079E7,"ask_size":0.78123694,"bid_size":0.01493751},{"ask_price":7.3081E7,"bid_price":7.3037E7,"ask_size":0.52448293,"bid_size":9.69620159},{"ask_price":7.3082E7,"bid_price":7.3032E7,"ask_size":3.93421553,"bid_size":0.0455543},{"ask_price":7.3083E7,"bid_price":7.3031E7,"ask_size":0.2288337,"bid_size":0.13645501},{"ask_price":7.3084E7,"bid_price":7.303E7,"ask_size":0.0962709,"bid_size":2.57568351},{"ask_price":7.3085E7,"bid_price":7.3029E7,"ask_size":0.02248944,"bid_size":0.11077745},{"ask_price":7.3086E7,"bid_price":7.3027E7,"ask_size":0.18417492,"bid_size":0.00897473},{"ask_price":7.3087E7,"bid_price":7.3025E7,"ask_size":0.00465899,"bid_size":0.95981828},{"ask_price":7.3091E7,"bid_price":7.3024E7,"ask_size":0.00717324,"bid_size":0.00273882},{"ask_price":7.3092E7,"bid_price":7.3022E7,"ask_size":0.04548843,"bid_size":0.04140694},{"ask_price":7.3093E7,"bid_price":7.302E7,"ask_size":0.01547365,"bid_size":0.01893687},{"ask_price":7.3099E7,"bid_price":7.3019E7,"ask_size":0.1977015,"bid_size":0.00458774},{"ask_price":7.31E7,"bid_price":7.3018E7,"ask_size":1.06117093,"bid_size":0.02284949},{"ask_price":7.3102E7,"bid_price":7.3017E7,"ask_size":0.28007733,"bid_size":0.01514564},{"ask_price":7.3111E7,"bid_price":7.3014E7,"ask_size":0.00189517,"bid_size":0.0098647}]},{"market":"BTC-ETH","timestamp":1638210025994,"total_ask_size":102.79320439,"total_bid_size":4.49812170,"orderbook_units":[{"ask_price":0.07610092,"bid_price":0.07553844,"ask_size":10.0,"bid_size":0.18052805},{"ask_price":0.07610896,"bid_price":0.07553843,"ask_size":1.93648968,"bid_size":0.36100999},{"ask_price":0.07610997,"bid_price":0.07553837,"ask_size":0.5,"bid_size":0.0067},{"ask_price":0.07675585,"bid_price":0.07552747,"ask_size":0.009,"bid_size":0.02},{"ask_price":0.0768,"bid_price":0.07552644,"ask_size":1.10803392,"bid_size":0.01072419},{"ask_price":0.07683242,"bid_price":0.07552161,"ask_size":0.34049063,"bid_size":0.09207583},{"ask_price":0.07686383,"bid_price":0.0755,"ask_size":0.26020041,"bid_size":0.00968996},{"ask_price":0.07697762,"bid_price":0.07546,"ask_size":0.3,"bid_size":0.13219006},{"ask_price":0.07699282,"bid_price":0.07513635,"ask_size":0.04058819,"bid_size":0.25590523},{"ask_price":0.0769993,"bid_price":0.07512,"ask_size":0.267209,"bid_size":0.05311534},{"ask_price":0.07699999,"bid_price":0.07492342,"ask_size":0.75855469,"bid_size":1.588288},{"ask_price":0.077,"bid_price":0.07492341,"ask_size":21.2435412,"bid_size":1.12863322},{"ask_price":0.07706979,"bid_price":0.07469833,"ask_size":0.02909667,"bid_size":0.17414709},{"ask_price":0.0771,"bid_price":0.07423663,"ask_size":1.0,"bid_size":0.38511474},{"ask_price":0.0772,"bid_price":0.07423004,"ask_size":65.0,"bid_size":0.1}]}]
UpbitResponse(status=200, isSuccess=true, body=[Lquotation.bean.OrderBook;@4f1ddf63, error=null, errorMessage=null)
OrderBook(market=KRW-BTC, timestamp=1638210026673, total_ask_size=7.3853436, total_bid_size=13.66393258, orderbook_units=[OrderBookUnit(ask_price=7.308E7, bid_price=7.3079E7, ask_size=0.78123694, bid_size=0.01493751), OrderBookUnit(ask_price=7.3081E7, bid_price=7.3037E7, ask_size=0.52448293, bid_size=9.69620159), OrderBookUnit(ask_price=7.3082E7, bid_price=7.3032E7, ask_size=3.93421553, bid_size=0.0455543), OrderBookUnit(ask_price=7.3083E7, bid_price=7.3031E7, ask_size=0.2288337, bid_size=0.13645501), OrderBookUnit(ask_price=7.3084E7, bid_price=7.303E7, ask_size=0.0962709, bid_size=2.57568351), OrderBookUnit(ask_price=7.3085E7, bid_price=7.3029E7, ask_size=0.02248944, bid_size=0.11077745), OrderBookUnit(ask_price=7.3086E7, bid_price=7.3027E7, ask_size=0.18417492, bid_size=0.00897473), OrderBookUnit(ask_price=7.3087E7, bid_price=7.3025E7, ask_size=0.00465899, bid_size=0.95981828), OrderBookUnit(ask_price=7.3091E7, bid_price=7.3024E7, ask_size=0.00717324, bid_size=0.00273882), OrderBookUnit(ask_price=7.3092E7, bid_price=7.3022E7, ask_size=0.04548843, bid_size=0.04140694), OrderBookUnit(ask_price=7.3093E7, bid_price=7.302E7, ask_size=0.01547365, bid_size=0.01893687), OrderBookUnit(ask_price=7.3099E7, bid_price=7.3019E7, ask_size=0.1977015, bid_size=0.00458774), OrderBookUnit(ask_price=7.31E7, bid_price=7.3018E7, ask_size=1.06117093, bid_size=0.02284949), OrderBookUnit(ask_price=7.3102E7, bid_price=7.3017E7, ask_size=0.28007733, bid_size=0.01514564), OrderBookUnit(ask_price=7.3111E7, bid_price=7.3014E7, ask_size=0.00189517, bid_size=0.0098647)])
OrderBook(market=BTC-ETH, timestamp=1638210025994, total_ask_size=102.79320439, total_bid_size=4.4981217, orderbook_units=[OrderBookUnit(ask_price=0.07610092, bid_price=0.07553844, ask_size=10.0, bid_size=0.18052805), OrderBookUnit(ask_price=0.07610896, bid_price=0.07553843, ask_size=1.93648968, bid_size=0.36100999), OrderBookUnit(ask_price=0.07610997, bid_price=0.07553837, ask_size=0.5, bid_size=0.0067), OrderBookUnit(ask_price=0.07675585, bid_price=0.07552747, ask_size=0.009, bid_size=0.02), OrderBookUnit(ask_price=0.0768, bid_price=0.07552644, ask_size=1.10803392, bid_size=0.01072419), OrderBookUnit(ask_price=0.07683242, bid_price=0.07552161, ask_size=0.34049063, bid_size=0.09207583), OrderBookUnit(ask_price=0.07686383, bid_price=0.0755, ask_size=0.26020041, bid_size=0.00968996), OrderBookUnit(ask_price=0.07697762, bid_price=0.07546, ask_size=0.3, bid_size=0.13219006), OrderBookUnit(ask_price=0.07699282, bid_price=0.07513635, ask_size=0.04058819, bid_size=0.25590523), OrderBookUnit(ask_price=0.0769993, bid_price=0.07512, ask_size=0.267209, bid_size=0.05311534), OrderBookUnit(ask_price=0.07699999, bid_price=0.07492342, ask_size=0.75855469, bid_size=1.588288), OrderBookUnit(ask_price=0.077, bid_price=0.07492341, ask_size=21.2435412, bid_size=1.12863322), OrderBookUnit(ask_price=0.07706979, bid_price=0.07469833, ask_size=0.02909667, bid_size=0.17414709), OrderBookUnit(ask_price=0.0771, bid_price=0.07423663, ask_size=1.0, bid_size=0.38511474), OrderBookUnit(ask_price=0.0772, bid_price=0.07423004, ask_size=65.0, bid_size=0.1)])
]]></system-out>
  <system-err><![CDATA[]]></system-err>
</testsuite>
