<?xml version="1.0" encoding="UTF-8"?>
<testsuite name="exchange.AccountTest" tests="1" skipped="0" failures="0" errors="0" timestamp="2021-12-04T15:22:47" hostname="DESKTOP-BQU5RRF" time="0.387">
  <properties/>
  <testcase name="testAccounts()" classname="exchange.AccountTest" time="0.387"/>
  <system-out><![CDATA[UpbitResponse(status=200, isSuccess=true, body=[Lapi.exchange.bean.Account;@4418b062, raw=[{"currency":"KRW","balance":"0.25491602","locked":"0.0","avg_buy_price":"0","avg_buy_price_modified":true,"unit_currency":"KRW"},{"currency":"BTT","balance":"61504.61630776","locked":"0.0","avg_buy_price":"13.9755","avg_buy_price_modified":false,"unit_currency":"KRW"},{"currency":"QTUM","balance":"146.6409093","locked":"0.0","avg_buy_price":"19719.9473","avg_buy_price_modified":false,"unit_currency":"KRW"},{"currency":"LAMB","balance":"2098.29713279","locked":"0.0","avg_buy_price":"195.3965","avg_buy_price_modified":false,"unit_currency":"KRW"},{"currency":"TON","balance":"0.19305019","locked":"0.0","avg_buy_price":"25900","avg_buy_price_modified":false,"unit_currency":"KRW"},{"currency":"SSX","balance":"275.28097019","locked":"0.0","avg_buy_price":"273.725","avg_buy_price_modified":false,"unit_currency":"KRW"},{"currency":"APENFT","balance":"341688.89466742","locked":"0.0","avg_buy_price":"0","avg_buy_price_modified":false,"unit_currency":"KRW"}], error=null, errorMessage=null)
Account(currency=KRW, balance=0.25491602, locked=0.0, avg_buy_price=0, avg_buy_price_modified=true, unit_currency=KRW)
Account(currency=BTT, balance=61504.61630776, locked=0.0, avg_buy_price=13.9755, avg_buy_price_modified=false, unit_currency=KRW)
Account(currency=QTUM, balance=146.6409093, locked=0.0, avg_buy_price=19719.9473, avg_buy_price_modified=false, unit_currency=KRW)
Account(currency=LAMB, balance=2098.29713279, locked=0.0, avg_buy_price=195.3965, avg_buy_price_modified=false, unit_currency=KRW)
Account(currency=TON, balance=0.19305019, locked=0.0, avg_buy_price=25900, avg_buy_price_modified=false, unit_currency=KRW)
Account(currency=SSX, balance=275.28097019, locked=0.0, avg_buy_price=273.725, avg_buy_price_modified=false, unit_currency=KRW)
Account(currency=APENFT, balance=341688.89466742, locked=0.0, avg_buy_price=0, avg_buy_price_modified=false, unit_currency=KRW)
]]></system-out>
  <system-err><![CDATA[]]></system-err>
</testsuite>
